[ 2019-12-26T00:22:53+08:00 ] ::1 /blog-master/index.php
INFO: [ app_init ] --START--
INFO: Run Behavior\BuildLiteBehavior [ RunTime:0.000032s ]
INFO: [ app_init ] --END-- [ RunTime:0.000914s ]
INFO: [ app_begin ] --START--
INFO: Run Behavior\ReadHtmlCacheBehavior [ RunTime:0.001697s ]
INFO: [ app_begin ] --END-- [ RunTime:0.001766s ]
SQL: SHOW COLUMNS FROM `blog_article` [ RunTime:0.0185s ]
SQL: SHOW COLUMNS FROM `blog_category` [ RunTime:0.0132s ]
SQL: SELECT COUNT(*) AS tp_count FROM blog_article Article  JOIN blog_category Category ON Article.categoryId=Category.categoryId WHERE Article.status = 1 LIMIT 1   [ RunTime:0.0004s ]
SQL: SELECT Article.articleId AS articleId,Article.title AS title,Article.description AS description,Article.image AS image,Article.hits AS hits,Article.createAt AS createAt,Article.updateAt AS updateAt,Article.status AS status,Article.sort AS sort,Article.content AS content,Category.categoryId AS categoryId,Category.name AS name FROM blog_article Article  JOIN blog_category Category ON Article.categoryId=Category.categoryId WHERE Article.status = 1 ORDER BY Article.sort DESC,Article.articleId DESC LIMIT 0,10   [ RunTime:0.0005s ]
INFO: [ view_parse ] --START--
INFO: [ template_filter ] --START--
INFO: Run Behavior\ContentReplaceBehavior [ RunTime:0.000068s ]
INFO: [ template_filter ] --END-- [ RunTime:0.000122s ]
SQL: SHOW COLUMNS FROM `blog_category` [ RunTime:0.0065s ]
SQL: SELECT * FROM `blog_category` ORDER BY sort DESC  [ RunTime:0.0003s ]
SQL: SHOW COLUMNS FROM `blog_category` [ RunTime:0.0063s ]
SQL: SELECT * FROM `blog_category` ORDER BY sort DESC  [ RunTime:0.0003s ]
ERR: 1146:Table 'blog.blog_link' doesn't exist
 [ SQL语句 ] : SHOW COLUMNS FROM `blog_link`
ERR: 1146:Table 'blog.blog_link' doesn't exist
 [ SQL语句 ] : SHOW COLUMNS FROM `blog_link`

[ 2019-12-26T00:24:45+08:00 ] ::1 /blog-master/index.php
INFO: [ app_init ] --START--
INFO: Run Behavior\BuildLiteBehavior [ RunTime:0.000017s ]
INFO: [ app_init ] --END-- [ RunTime:0.000987s ]
INFO: [ app_begin ] --START--
INFO: Run Behavior\ReadHtmlCacheBehavior [ RunTime:0.002553s ]
INFO: [ app_begin ] --END-- [ RunTime:0.002639s ]
SQL: SHOW COLUMNS FROM `blog_article` [ RunTime:0.0200s ]
SQL: SHOW COLUMNS FROM `blog_category` [ RunTime:0.0176s ]
SQL: SELECT COUNT(*) AS tp_count FROM blog_article Article  JOIN blog_category Category ON Article.categoryId=Category.categoryId WHERE Article.status = 1 LIMIT 1   [ RunTime:0.0005s ]
SQL: SELECT Article.articleId AS articleId,Article.title AS title,Article.description AS description,Article.image AS image,Article.hits AS hits,Article.createAt AS createAt,Article.updateAt AS updateAt,Article.status AS status,Article.sort AS sort,Article.content AS content,Category.categoryId AS categoryId,Category.name AS name FROM blog_article Article  JOIN blog_category Category ON Article.categoryId=Category.categoryId WHERE Article.status = 1 ORDER BY Article.sort DESC,Article.articleId DESC LIMIT 0,10   [ RunTime:0.0005s ]
INFO: [ view_parse ] --START--
INFO: [ template_filter ] --START--
INFO: Run Behavior\ContentReplaceBehavior [ RunTime:0.000138s ]
INFO: [ template_filter ] --END-- [ RunTime:0.000245s ]
SQL: SHOW COLUMNS FROM `blog_category` [ RunTime:0.0079s ]
SQL: SELECT * FROM `blog_category` ORDER BY sort DESC  [ RunTime:0.0003s ]
SQL: SHOW COLUMNS FROM `blog_category` [ RunTime:0.0924s ]
SQL: SELECT * FROM `blog_category` ORDER BY sort DESC  [ RunTime:0.0006s ]
ERR: 1146:Table 'blog.blog_link' doesn't exist
 [ SQL语句 ] : SHOW COLUMNS FROM `blog_link`
ERR: 1146:Table 'blog.blog_link' doesn't exist
 [ SQL语句 ] : SHOW COLUMNS FROM `blog_link`

[ 2019-12-26T00:25:00+08:00 ] ::1 /blog-master/index.php
INFO: [ app_init ] --START--
INFO: Run Behavior\BuildLiteBehavior [ RunTime:0.000013s ]
INFO: [ app_init ] --END-- [ RunTime:0.000724s ]
INFO: [ app_begin ] --START--
INFO: Run Behavior\ReadHtmlCacheBehavior [ RunTime:0.001432s ]
INFO: [ app_begin ] --END-- [ RunTime:0.001497s ]
SQL: SHOW COLUMNS FROM `blog_article` [ RunTime:0.0064s ]
SQL: SHOW COLUMNS FROM `blog_category` [ RunTime:0.0074s ]
SQL: SELECT COUNT(*) AS tp_count FROM blog_article Article  JOIN blog_category Category ON Article.categoryId=Category.categoryId WHERE Article.status = 1 LIMIT 1   [ RunTime:0.0003s ]
SQL: SELECT Article.articleId AS articleId,Article.title AS title,Article.description AS description,Article.image AS image,Article.hits AS hits,Article.createAt AS createAt,Article.updateAt AS updateAt,Article.status AS status,Article.sort AS sort,Article.content AS content,Category.categoryId AS categoryId,Category.name AS name FROM blog_article Article  JOIN blog_category Category ON Article.categoryId=Category.categoryId WHERE Article.status = 1 ORDER BY Article.sort DESC,Article.articleId DESC LIMIT 0,10   [ RunTime:0.0003s ]
INFO: [ view_parse ] --START--
INFO: [ template_filter ] --START--
INFO: Run Behavior\ContentReplaceBehavior [ RunTime:0.000089s ]
INFO: [ template_filter ] --END-- [ RunTime:0.000167s ]
SQL: SHOW COLUMNS FROM `blog_category` [ RunTime:0.0066s ]
SQL: SELECT * FROM `blog_category` ORDER BY sort DESC  [ RunTime:0.0003s ]
SQL: SHOW COLUMNS FROM `blog_category` [ RunTime:0.0072s ]
SQL: SELECT * FROM `blog_category` ORDER BY sort DESC  [ RunTime:0.0002s ]
ERR: 1146:Table 'blog.blog_link' doesn't exist
 [ SQL语句 ] : SHOW COLUMNS FROM `blog_link`
ERR: 1146:Table 'blog.blog_link' doesn't exist
 [ SQL语句 ] : SHOW COLUMNS FROM `blog_link`

[ 2019-12-26T00:25:05+08:00 ] ::1 /blog-master/
INFO: [ app_init ] --START--
INFO: Run Behavior\BuildLiteBehavior [ RunTime:0.000014s ]
INFO: [ app_init ] --END-- [ RunTime:0.000971s ]
INFO: [ app_begin ] --START--
INFO: Run Behavior\ReadHtmlCacheBehavior [ RunTime:0.001310s ]
INFO: [ app_begin ] --END-- [ RunTime:0.001367s ]
SQL: SHOW COLUMNS FROM `blog_article` [ RunTime:0.0174s ]
SQL: SHOW COLUMNS FROM `blog_category` [ RunTime:0.0237s ]
SQL: SELECT COUNT(*) AS tp_count FROM blog_article Article  JOIN blog_category Category ON Article.categoryId=Category.categoryId WHERE Article.status = 1 LIMIT 1   [ RunTime:0.0004s ]
SQL: SELECT Article.articleId AS articleId,Article.title AS title,Article.description AS description,Article.image AS image,Article.hits AS hits,Article.createAt AS createAt,Article.updateAt AS updateAt,Article.status AS status,Article.sort AS sort,Article.content AS content,Category.categoryId AS categoryId,Category.name AS name FROM blog_article Article  JOIN blog_category Category ON Article.categoryId=Category.categoryId WHERE Article.status = 1 ORDER BY Article.sort DESC,Article.articleId DESC LIMIT 0,10   [ RunTime:0.0004s ]
INFO: [ view_parse ] --START--
INFO: [ template_filter ] --START--
INFO: Run Behavior\ContentReplaceBehavior [ RunTime:0.001895s ]
INFO: [ template_filter ] --END-- [ RunTime:0.001992s ]
SQL: SHOW COLUMNS FROM `blog_category` [ RunTime:0.0108s ]
SQL: SELECT * FROM `blog_category` ORDER BY sort DESC  [ RunTime:0.0004s ]
SQL: SHOW COLUMNS FROM `blog_category` [ RunTime:0.0065s ]
SQL: SELECT * FROM `blog_category` ORDER BY sort DESC  [ RunTime:0.0003s ]
ERR: 1146:Table 'blog.blog_link' doesn't exist
 [ SQL语句 ] : SHOW COLUMNS FROM `blog_link`
ERR: 1146:Table 'blog.blog_link' doesn't exist
 [ SQL语句 ] : SHOW COLUMNS FROM `blog_link`

[ 2019-12-26T00:26:03+08:00 ] ::1 /blog-master/index.php
INFO: [ app_init ] --START--
INFO: Run Behavior\BuildLiteBehavior [ RunTime:0.000092s ]
INFO: [ app_init ] --END-- [ RunTime:0.001187s ]
INFO: [ app_begin ] --START--
INFO: Run Behavior\ReadHtmlCacheBehavior [ RunTime:0.001730s ]
INFO: [ app_begin ] --END-- [ RunTime:0.001794s ]
SQL: SHOW COLUMNS FROM `blog_article` [ RunTime:0.0100s ]
SQL: SHOW COLUMNS FROM `blog_category` [ RunTime:0.0070s ]
SQL: SELECT COUNT(*) AS tp_count FROM blog_article Article  JOIN blog_category Category ON Article.categoryId=Category.categoryId WHERE Article.status = 1 LIMIT 1   [ RunTime:0.0003s ]
SQL: SELECT Article.articleId AS articleId,Article.title AS title,Article.description AS description,Article.image AS image,Article.hits AS hits,Article.createAt AS createAt,Article.updateAt AS updateAt,Article.status AS status,Article.sort AS sort,Article.content AS content,Category.categoryId AS categoryId,Category.name AS name FROM blog_article Article  JOIN blog_category Category ON Article.categoryId=Category.categoryId WHERE Article.status = 1 ORDER BY Article.sort DESC,Article.articleId DESC LIMIT 0,10   [ RunTime:0.0003s ]
INFO: [ view_parse ] --START--
INFO: [ template_filter ] --START--
INFO: Run Behavior\ContentReplaceBehavior [ RunTime:0.000072s ]
INFO: [ template_filter ] --END-- [ RunTime:0.000149s ]
SQL: SHOW COLUMNS FROM `blog_category` [ RunTime:0.0070s ]
SQL: SELECT * FROM `blog_category` ORDER BY sort DESC  [ RunTime:0.0003s ]
SQL: SHOW COLUMNS FROM `blog_category` [ RunTime:0.0072s ]
SQL: SELECT * FROM `blog_category` ORDER BY sort DESC  [ RunTime:0.0004s ]
ERR: 1146:Table 'blog.blog_link' doesn't exist
 [ SQL语句 ] : SHOW COLUMNS FROM `blog_link`
ERR: 1146:Table 'blog.blog_link' doesn't exist
 [ SQL语句 ] : SHOW COLUMNS FROM `blog_link`

[ 2019-12-26T00:28:21+08:00 ] ::1 /blog-master/index.php
INFO: [ app_init ] --START--
INFO: Run Behavior\BuildLiteBehavior [ RunTime:0.000013s ]
INFO: [ app_init ] --END-- [ RunTime:0.000714s ]
INFO: [ app_begin ] --START--
INFO: Run Behavior\ReadHtmlCacheBehavior [ RunTime:0.001493s ]
INFO: [ app_begin ] --END-- [ RunTime:0.001710s ]
SQL: SHOW COLUMNS FROM `blog_article` [ RunTime:0.0186s ]
SQL: SHOW COLUMNS FROM `blog_category` [ RunTime:0.0112s ]
SQL: SELECT COUNT(*) AS tp_count FROM blog_article Article  JOIN blog_category Category ON Article.categoryId=Category.categoryId WHERE Article.status = 1 LIMIT 1   [ RunTime:0.0005s ]
SQL: SELECT Article.articleId AS articleId,Article.title AS title,Article.description AS description,Article.image AS image,Article.hits AS hits,Article.createAt AS createAt,Article.updateAt AS updateAt,Article.status AS status,Article.sort AS sort,Article.content AS content,Category.categoryId AS categoryId,Category.name AS name FROM blog_article Article  JOIN blog_category Category ON Article.categoryId=Category.categoryId WHERE Article.status = 1 ORDER BY Article.sort DESC,Article.articleId DESC LIMIT 0,10   [ RunTime:0.0006s ]
INFO: [ view_parse ] --START--
INFO: [ template_filter ] --START--
INFO: Run Behavior\ContentReplaceBehavior [ RunTime:0.000074s ]
INFO: [ template_filter ] --END-- [ RunTime:0.000138s ]
SQL: SHOW COLUMNS FROM `blog_category` [ RunTime:0.0069s ]
SQL: SELECT * FROM `blog_category` ORDER BY sort DESC  [ RunTime:0.0003s ]
SQL: SHOW COLUMNS FROM `blog_category` [ RunTime:0.0056s ]
SQL: SELECT * FROM `blog_category` ORDER BY sort DESC  [ RunTime:0.0003s ]
SQL: SHOW COLUMNS FROM `blog_link` [ RunTime:0.0067s ]
SQL: SELECT * FROM `blog_link` WHERE `status` = 1 ORDER BY linkId DESC  [ RunTime:0.0004s ]
INFO: Run Behavior\ParseTemplateBehavior [ RunTime:0.041632s ]
INFO: [ view_parse ] --END-- [ RunTime:0.041706s ]
INFO: [ view_filter ] --START--
INFO: Run Behavior\WriteHtmlCacheBehavior [ RunTime:0.001334s ]
INFO: [ view_filter ] --END-- [ RunTime:0.001381s ]
INFO: [ app_end ] --START--
INFO: Run Behavior\ShowPageTraceBehavior [ RunTime:0.001109s ]
INFO: [ app_end ] --END-- [ RunTime:0.001169s ]

[ 2019-12-26T00:28:29+08:00 ] ::1 /blog-master/
INFO: [ app_init ] --START--
INFO: Run Behavior\BuildLiteBehavior [ RunTime:0.000015s ]
INFO: [ app_init ] --END-- [ RunTime:0.000846s ]
INFO: [ app_begin ] --START--
INFO: Run Behavior\ReadHtmlCacheBehavior [ RunTime:0.001187s ]
INFO: [ app_begin ] --END-- [ RunTime:0.001246s ]
SQL: SHOW COLUMNS FROM `blog_article` [ RunTime:0.0275s ]
SQL: SHOW COLUMNS FROM `blog_category` [ RunTime:0.0103s ]
SQL: SELECT COUNT(*) AS tp_count FROM blog_article Article  JOIN blog_category Category ON Article.categoryId=Category.categoryId WHERE Article.status = 1 LIMIT 1   [ RunTime:0.0004s ]
SQL: SELECT Article.articleId AS articleId,Article.title AS title,Article.description AS description,Article.image AS image,Article.hits AS hits,Article.createAt AS createAt,Article.updateAt AS updateAt,Article.status AS status,Article.sort AS sort,Article.content AS content,Category.categoryId AS categoryId,Category.name AS name FROM blog_article Article  JOIN blog_category Category ON Article.categoryId=Category.categoryId WHERE Article.status = 1 ORDER BY Article.sort DESC,Article.articleId DESC LIMIT 0,10   [ RunTime:0.0004s ]
INFO: [ view_parse ] --START--
INFO: [ template_filter ] --START--
INFO: Run Behavior\ContentReplaceBehavior [ RunTime:0.000069s ]
INFO: [ template_filter ] --END-- [ RunTime:0.000123s ]
SQL: SHOW COLUMNS FROM `blog_category` [ RunTime:0.0104s ]
SQL: SELECT * FROM `blog_category` ORDER BY sort DESC  [ RunTime:0.0006s ]
SQL: SHOW COLUMNS FROM `blog_category` [ RunTime:0.0067s ]
SQL: SELECT * FROM `blog_category` ORDER BY sort DESC  [ RunTime:0.0003s ]
SQL: SHOW COLUMNS FROM `blog_link` [ RunTime:0.0085s ]
SQL: SELECT * FROM `blog_link` WHERE `status` = 1 ORDER BY linkId DESC  [ RunTime:0.0003s ]
INFO: Run Behavior\ParseTemplateBehavior [ RunTime:0.043127s ]
INFO: [ view_parse ] --END-- [ RunTime:0.043190s ]
INFO: [ view_filter ] --START--
INFO: Run Behavior\WriteHtmlCacheBehavior [ RunTime:0.001075s ]
INFO: [ view_filter ] --END-- [ RunTime:0.001120s ]
INFO: [ app_end ] --START--
INFO: Run Behavior\ShowPageTraceBehavior [ RunTime:0.001232s ]
INFO: [ app_end ] --END-- [ RunTime:0.001313s ]

[ 2019-12-26T00:28:43+08:00 ] ::1 /blog-master/index.php
INFO: [ app_init ] --START--
INFO: Run Behavior\BuildLiteBehavior [ RunTime:0.000013s ]
INFO: [ app_init ] --END-- [ RunTime:0.000697s ]
INFO: [ app_begin ] --START--
INFO: Run Behavior\ReadHtmlCacheBehavior [ RunTime:0.001042s ]
INFO: [ app_begin ] --END-- [ RunTime:0.001094s ]
SQL: SHOW COLUMNS FROM `blog_article` [ RunTime:0.0188s ]
SQL: SHOW COLUMNS FROM `blog_category` [ RunTime:0.0183s ]
SQL: SELECT COUNT(*) AS tp_count FROM blog_article Article  JOIN blog_category Category ON Article.categoryId=Category.categoryId WHERE Article.status = 1 LIMIT 1   [ RunTime:0.0007s ]
SQL: SELECT Article.articleId AS articleId,Article.title AS title,Article.description AS description,Article.image AS image,Article.hits AS hits,Article.createAt AS createAt,Article.updateAt AS updateAt,Article.status AS status,Article.sort AS sort,Article.content AS content,Category.categoryId AS categoryId,Category.name AS name FROM blog_article Article  JOIN blog_category Category ON Article.categoryId=Category.categoryId WHERE Article.status = 1 ORDER BY Article.sort DESC,Article.articleId DESC LIMIT 0,10   [ RunTime:0.0005s ]
INFO: [ view_parse ] --START--
INFO: [ template_filter ] --START--
INFO: Run Behavior\ContentReplaceBehavior [ RunTime:0.000121s ]
INFO: [ template_filter ] --END-- [ RunTime:0.000214s ]
SQL: SHOW COLUMNS FROM `blog_category` [ RunTime:0.0084s ]
SQL: SELECT * FROM `blog_category` ORDER BY sort DESC  [ RunTime:0.0002s ]
SQL: SHOW COLUMNS FROM `blog_category` [ RunTime:0.0087s ]
SQL: SELECT * FROM `blog_category` ORDER BY sort DESC  [ RunTime:0.0003s ]
SQL: SHOW COLUMNS FROM `blog_link` [ RunTime:0.0063s ]
SQL: SELECT * FROM `blog_link` WHERE `status` = 1 ORDER BY linkId DESC  [ RunTime:0.0003s ]
INFO: Run Behavior\ParseTemplateBehavior [ RunTime:0.046918s ]
INFO: [ view_parse ] --END-- [ RunTime:0.047005s ]
INFO: [ view_filter ] --START--
INFO: Run Behavior\WriteHtmlCacheBehavior [ RunTime:0.001851s ]
INFO: [ view_filter ] --END-- [ RunTime:0.001918s ]
INFO: [ app_end ] --START--
INFO: Run Behavior\ShowPageTraceBehavior [ RunTime:0.001124s ]
INFO: [ app_end ] --END-- [ RunTime:0.001171s ]

[ 2019-12-26T00:29:07+08:00 ] ::1 /blog-master/index.php
INFO: [ app_init ] --START--
INFO: Run Behavior\BuildLiteBehavior [ RunTime:0.000015s ]
INFO: [ app_init ] --END-- [ RunTime:0.000728s ]
INFO: [ app_begin ] --START--
INFO: Run Behavior\ReadHtmlCacheBehavior [ RunTime:0.001333s ]
INFO: [ app_begin ] --END-- [ RunTime:0.001400s ]
SQL: SHOW COLUMNS FROM `blog_article` [ RunTime:0.0183s ]
SQL: SHOW COLUMNS FROM `blog_category` [ RunTime:0.0169s ]
SQL: SELECT COUNT(*) AS tp_count FROM blog_article Article  JOIN blog_category Category ON Article.categoryId=Category.categoryId WHERE Article.status = 1 LIMIT 1   [ RunTime:0.0004s ]
SQL: SELECT Article.articleId AS articleId,Article.title AS title,Article.description AS description,Article.image AS image,Article.hits AS hits,Article.createAt AS createAt,Article.updateAt AS updateAt,Article.status AS status,Article.sort AS sort,Article.content AS content,Category.categoryId AS categoryId,Category.name AS name FROM blog_article Article  JOIN blog_category Category ON Article.categoryId=Category.categoryId WHERE Article.status = 1 ORDER BY Article.sort DESC,Article.articleId DESC LIMIT 0,10   [ RunTime:0.0004s ]
INFO: [ view_parse ] --START--
INFO: [ template_filter ] --START--
INFO: Run Behavior\ContentReplaceBehavior [ RunTime:0.000104s ]
INFO: [ template_filter ] --END-- [ RunTime:0.000183s ]
SQL: SHOW COLUMNS FROM `blog_category` [ RunTime:0.0082s ]
SQL: SELECT * FROM `blog_category` ORDER BY sort DESC  [ RunTime:0.0003s ]
SQL: SHOW COLUMNS FROM `blog_category` [ RunTime:0.0317s ]
SQL: SELECT * FROM `blog_category` ORDER BY sort DESC  [ RunTime:0.0003s ]
SQL: SHOW COLUMNS FROM `blog_link` [ RunTime:0.0087s ]
SQL: SELECT * FROM `blog_link` WHERE `status` = 1 ORDER BY linkId DESC  [ RunTime:0.0003s ]
INFO: Run Behavior\ParseTemplateBehavior [ RunTime:0.069271s ]
INFO: [ view_parse ] --END-- [ RunTime:0.069344s ]
INFO: [ view_filter ] --START--
INFO: Run Behavior\WriteHtmlCacheBehavior [ RunTime:0.001415s ]
INFO: [ view_filter ] --END-- [ RunTime:0.001485s ]
INFO: [ app_end ] --START--
INFO: Run Behavior\ShowPageTraceBehavior [ RunTime:0.001619s ]
INFO: [ app_end ] --END-- [ RunTime:0.001708s ]

[ 2019-12-26T00:30:22+08:00 ] ::1 /blog/index.php
INFO: [ app_init ] --START--
INFO: Run Behavior\BuildLiteBehavior [ RunTime:0.000015s ]
INFO: [ app_init ] --END-- [ RunTime:0.000723s ]
INFO: [ app_begin ] --START--
INFO: Run Behavior\ReadHtmlCacheBehavior [ RunTime:0.001331s ]
INFO: [ app_begin ] --END-- [ RunTime:0.001386s ]
SQL: SHOW COLUMNS FROM `blog_article` [ RunTime:0.0195s ]
SQL: SHOW COLUMNS FROM `blog_category` [ RunTime:0.0179s ]
SQL: SELECT COUNT(*) AS tp_count FROM blog_article Article  JOIN blog_category Category ON Article.categoryId=Category.categoryId WHERE Article.status = 1 LIMIT 1   [ RunTime:0.0007s ]
SQL: SELECT Article.articleId AS articleId,Article.title AS title,Article.description AS description,Article.image AS image,Article.hits AS hits,Article.createAt AS createAt,Article.updateAt AS updateAt,Article.status AS status,Article.sort AS sort,Article.content AS content,Category.categoryId AS categoryId,Category.name AS name FROM blog_article Article  JOIN blog_category Category ON Article.categoryId=Category.categoryId WHERE Article.status = 1 ORDER BY Article.sort DESC,Article.articleId DESC LIMIT 0,10   [ RunTime:0.0009s ]
INFO: [ view_parse ] --START--
INFO: [ template_filter ] --START--
INFO: Run Behavior\ContentReplaceBehavior [ RunTime:0.000155s ]
INFO: [ template_filter ] --END-- [ RunTime:0.000271s ]
SQL: SHOW COLUMNS FROM `blog_category` [ RunTime:0.0115s ]
SQL: SELECT * FROM `blog_category` ORDER BY sort DESC  [ RunTime:0.0005s ]
SQL: SHOW COLUMNS FROM `blog_category` [ RunTime:0.0955s ]
SQL: SELECT * FROM `blog_category` ORDER BY sort DESC  [ RunTime:0.0003s ]
SQL: SHOW COLUMNS FROM `blog_link` [ RunTime:0.0113s ]
SQL: SELECT * FROM `blog_link` WHERE `status` = 1 ORDER BY linkId DESC  [ RunTime:0.0006s ]
INFO: Run Behavior\ParseTemplateBehavior [ RunTime:0.153171s ]
INFO: [ view_parse ] --END-- [ RunTime:0.153307s ]
INFO: [ view_filter ] --START--
INFO: Run Behavior\WriteHtmlCacheBehavior [ RunTime:0.002123s ]
INFO: [ view_filter ] --END-- [ RunTime:0.002173s ]
INFO: [ app_end ] --START--
INFO: Run Behavior\ShowPageTraceBehavior [ RunTime:0.002245s ]
INFO: [ app_end ] --END-- [ RunTime:0.002301s ]

[ 2019-12-26T00:30:34+08:00 ] ::1 /blog/index.php
INFO: [ app_init ] --START--
INFO: Run Behavior\BuildLiteBehavior [ RunTime:0.000027s ]
INFO: [ app_init ] --END-- [ RunTime:0.001276s ]
INFO: [ app_begin ] --START--
INFO: Run Behavior\ReadHtmlCacheBehavior [ RunTime:0.001310s ]
INFO: [ app_begin ] --END-- [ RunTime:0.001364s ]
SQL: SHOW COLUMNS FROM `blog_article` [ RunTime:0.0072s ]
SQL: SHOW COLUMNS FROM `blog_category` [ RunTime:0.0074s ]
SQL: SELECT COUNT(*) AS tp_count FROM blog_article Article  JOIN blog_category Category ON Article.categoryId=Category.categoryId WHERE Article.status = 1 LIMIT 1   [ RunTime:0.0003s ]
SQL: SELECT Article.articleId AS articleId,Article.title AS title,Article.description AS description,Article.image AS image,Article.hits AS hits,Article.createAt AS createAt,Article.updateAt AS updateAt,Article.status AS status,Article.sort AS sort,Article.content AS content,Category.categoryId AS categoryId,Category.name AS name FROM blog_article Article  JOIN blog_category Category ON Article.categoryId=Category.categoryId WHERE Article.status = 1 ORDER BY Article.sort DESC,Article.articleId DESC LIMIT 0,10   [ RunTime:0.0003s ]
INFO: [ view_parse ] --START--
INFO: [ template_filter ] --START--
INFO: Run Behavior\ContentReplaceBehavior [ RunTime:0.000090s ]
INFO: [ template_filter ] --END-- [ RunTime:0.000157s ]
SQL: SHOW COLUMNS FROM `blog_category` [ RunTime:0.0063s ]
SQL: SELECT * FROM `blog_category` ORDER BY sort DESC  [ RunTime:0.0003s ]
SQL: SHOW COLUMNS FROM `blog_category` [ RunTime:0.0079s ]
SQL: SELECT * FROM `blog_category` ORDER BY sort DESC  [ RunTime:0.0003s ]
SQL: SHOW COLUMNS FROM `blog_link` [ RunTime:0.0061s ]
SQL: SELECT * FROM `blog_link` WHERE `status` = 1 ORDER BY linkId DESC  [ RunTime:0.0003s ]
INFO: Run Behavior\ParseTemplateBehavior [ RunTime:0.037662s ]
INFO: [ view_parse ] --END-- [ RunTime:0.037711s ]
INFO: [ view_filter ] --START--
INFO: Run Behavior\WriteHtmlCacheBehavior [ RunTime:0.001256s ]
INFO: [ view_filter ] --END-- [ RunTime:0.001303s ]
INFO: [ app_end ] --START--
INFO: Run Behavior\ShowPageTraceBehavior [ RunTime:0.001487s ]
INFO: [ app_end ] --END-- [ RunTime:0.001548s ]

[ 2019-12-26T00:36:16+08:00 ] ::1 /blog/index.php
INFO: [ app_init ] --START--
INFO: Run Behavior\BuildLiteBehavior [ RunTime:0.000016s ]
INFO: [ app_init ] --END-- [ RunTime:0.000887s ]
INFO: [ app_begin ] --START--
INFO: Run Behavior\ReadHtmlCacheBehavior [ RunTime:0.001646s ]
INFO: [ app_begin ] --END-- [ RunTime:0.001736s ]
SQL: SHOW COLUMNS FROM `blog_article` [ RunTime:0.0074s ]
SQL: SHOW COLUMNS FROM `blog_category` [ RunTime:0.0071s ]
SQL: SELECT COUNT(*) AS tp_count FROM blog_article Article  JOIN blog_category Category ON Article.categoryId=Category.categoryId WHERE Article.status = 1 LIMIT 1   [ RunTime:0.0003s ]
SQL: SELECT Article.articleId AS articleId,Article.title AS title,Article.description AS description,Article.image AS image,Article.hits AS hits,Article.createAt AS createAt,Article.updateAt AS updateAt,Article.status AS status,Article.sort AS sort,Article.content AS content,Category.categoryId AS categoryId,Category.name AS name FROM blog_article Article  JOIN blog_category Category ON Article.categoryId=Category.categoryId WHERE Article.status = 1 ORDER BY Article.sort DESC,Article.articleId DESC LIMIT 0,10   [ RunTime:0.0004s ]
INFO: [ view_parse ] --START--
INFO: [ template_filter ] --START--
INFO: Run Behavior\ContentReplaceBehavior [ RunTime:0.000077s ]
INFO: [ template_filter ] --END-- [ RunTime:0.000140s ]
SQL: SHOW COLUMNS FROM `blog_category` [ RunTime:0.0711s ]
SQL: SELECT * FROM `blog_category` ORDER BY sort DESC  [ RunTime:0.0004s ]
SQL: SHOW COLUMNS FROM `blog_category` [ RunTime:0.0070s ]
SQL: SELECT * FROM `blog_category` ORDER BY sort DESC  [ RunTime:0.0004s ]
SQL: SHOW COLUMNS FROM `blog_link` [ RunTime:0.0070s ]
SQL: SELECT * FROM `blog_link` WHERE `status` = 1 ORDER BY linkId DESC  [ RunTime:0.0003s ]
INFO: Run Behavior\ParseTemplateBehavior [ RunTime:0.100532s ]
INFO: [ view_parse ] --END-- [ RunTime:0.100581s ]
INFO: [ view_filter ] --START--
INFO: Run Behavior\WriteHtmlCacheBehavior [ RunTime:0.001294s ]
INFO: [ view_filter ] --END-- [ RunTime:0.001364s ]
INFO: [ app_end ] --START--
INFO: Run Behavior\ShowPageTraceBehavior [ RunTime:0.001503s ]
INFO: [ app_end ] --END-- [ RunTime:0.001556s ]

[ 2019-12-26T01:33:00+08:00 ] ::1 /blog/index.php
INFO: [ app_init ] --START--
INFO: Run Behavior\BuildLiteBehavior [ RunTime:0.000013s ]
INFO: [ app_init ] --END-- [ RunTime:0.000696s ]
INFO: [ app_begin ] --START--
INFO: Run Behavior\ReadHtmlCacheBehavior [ RunTime:0.001089s ]
INFO: [ app_begin ] --END-- [ RunTime:0.001143s ]
SQL: SHOW COLUMNS FROM `blog_article` [ RunTime:0.0105s ]
SQL: SHOW COLUMNS FROM `blog_category` [ RunTime:0.0091s ]
SQL: SELECT COUNT(*) AS tp_count FROM blog_article Article  JOIN blog_category Category ON Article.categoryId=Category.categoryId WHERE Article.status = 1 LIMIT 1   [ RunTime:0.0004s ]
SQL: SELECT Article.articleId AS articleId,Article.title AS title,Article.description AS description,Article.image AS image,Article.hits AS hits,Article.createAt AS createAt,Article.updateAt AS updateAt,Article.status AS status,Article.sort AS sort,Article.content AS content,Category.categoryId AS categoryId,Category.name AS name FROM blog_article Article  JOIN blog_category Category ON Article.categoryId=Category.categoryId WHERE Article.status = 1 ORDER BY Article.sort DESC,Article.articleId DESC LIMIT 0,10   [ RunTime:0.0005s ]
INFO: [ view_parse ] --START--
INFO: [ template_filter ] --START--
INFO: Run Behavior\ContentReplaceBehavior [ RunTime:0.000258s ]
INFO: [ template_filter ] --END-- [ RunTime:0.000465s ]
SQL: SHOW COLUMNS FROM `blog_category` [ RunTime:0.0184s ]
SQL: SELECT * FROM `blog_category` ORDER BY sort DESC  [ RunTime:0.0007s ]
SQL: SHOW COLUMNS FROM `blog_category` [ RunTime:0.0124s ]
SQL: SELECT * FROM `blog_category` ORDER BY sort DESC  [ RunTime:0.0005s ]
SQL: SHOW COLUMNS FROM `blog_link` [ RunTime:0.0128s ]
SQL: SELECT * FROM `blog_link` WHERE `status` = 1 ORDER BY linkId DESC  [ RunTime:0.0005s ]
INFO: Run Behavior\ParseTemplateBehavior [ RunTime:0.502863s ]
INFO: [ view_parse ] --END-- [ RunTime:0.502945s ]
INFO: [ view_filter ] --START--
INFO: Run Behavior\WriteHtmlCacheBehavior [ RunTime:0.002198s ]
INFO: [ view_filter ] --END-- [ RunTime:0.002319s ]
INFO: [ app_end ] --START--
INFO: Run Behavior\ShowPageTraceBehavior [ RunTime:0.001507s ]
INFO: [ app_end ] --END-- [ RunTime:0.001570s ]

[ 2019-12-26T01:33:06+08:00 ] ::1 /blog/index/article/id/1.html
INFO: [ app_init ] --START--
INFO: Run Behavior\BuildLiteBehavior [ RunTime:0.000013s ]
INFO: [ app_init ] --END-- [ RunTime:0.000695s ]
INFO: [ app_begin ] --START--
INFO: Run Behavior\ReadHtmlCacheBehavior [ RunTime:0.001583s ]
INFO: [ app_begin ] --END-- [ RunTime:0.001643s ]
SQL: SHOW COLUMNS FROM `blog_article` [ RunTime:0.0159s ]
SQL: SHOW COLUMNS FROM `blog_category` [ RunTime:0.0070s ]
SQL: SELECT Article.articleId AS articleId,Article.title AS title,Article.description AS description,Article.image AS image,Article.hits AS hits,Article.createAt AS createAt,Article.updateAt AS updateAt,Article.status AS status,Article.sort AS sort,Article.content AS content,Category.categoryId AS categoryId,Category.name AS name FROM blog_article Article  JOIN blog_category Category ON Article.categoryId=Category.categoryId WHERE Article.articleId = '1' LIMIT 1   [ RunTime:0.0004s ]
SQL: UPDATE blog_article Article  JOIN blog_category Category ON Article.categoryId=Category.categoryId SET `hits`=hits+1 WHERE Article.articleId = '1' [ RunTime:0.0013s ]
SQL: SHOW COLUMNS FROM `blog_comment` [ RunTime:0.0077s ]
SQL: SELECT * FROM `blog_comment` WHERE `articleId` = 1 ORDER BY commentId DESC LIMIT 30   [ RunTime:0.0003s ]
INFO: [ view_parse ] --START--
INFO: [ template_filter ] --START--
INFO: Run Behavior\ContentReplaceBehavior [ RunTime:0.000086s ]
INFO: [ template_filter ] --END-- [ RunTime:0.000141s ]
SQL: SHOW COLUMNS FROM `blog_category` [ RunTime:0.0717s ]
SQL: SELECT * FROM `blog_category` ORDER BY sort DESC  [ RunTime:0.0004s ]
SQL: SHOW COLUMNS FROM `blog_category` [ RunTime:0.0092s ]
SQL: SELECT * FROM `blog_category` ORDER BY sort DESC  [ RunTime:0.0012s ]
SQL: SHOW COLUMNS FROM `blog_link` [ RunTime:0.0080s ]
SQL: SELECT * FROM `blog_link` WHERE `status` = 1 ORDER BY linkId DESC  [ RunTime:0.0004s ]
INFO: Run Behavior\ParseTemplateBehavior [ RunTime:0.116174s ]
INFO: [ view_parse ] --END-- [ RunTime:0.116235s ]
INFO: [ view_filter ] --START--
INFO: Run Behavior\WriteHtmlCacheBehavior [ RunTime:0.002883s ]
INFO: [ view_filter ] --END-- [ RunTime:0.003234s ]
INFO: [ app_end ] --START--
INFO: Run Behavior\ShowPageTraceBehavior [ RunTime:0.002837s ]
INFO: [ app_end ] --END-- [ RunTime:0.002995s ]

[ 2019-12-26T01:33:16+08:00 ] ::1 /blog/Home/Index/comment?id=1
INFO: [ app_init ] --START--
INFO: Run Behavior\BuildLiteBehavior [ RunTime:0.000014s ]
INFO: [ app_init ] --END-- [ RunTime:0.000669s ]
INFO: [ app_begin ] --START--
INFO: Run Behavior\ReadHtmlCacheBehavior [ RunTime:0.001348s ]
INFO: [ app_begin ] --END-- [ RunTime:0.001400s ]
SQL: SHOW COLUMNS FROM `blog_article` [ RunTime:0.0204s ]
SQL: SELECT * FROM `blog_article` LIMIT 1   [ RunTime:0.0008s ]
SQL: SHOW COLUMNS FROM `blog_comment` [ RunTime:0.0145s ]
SQL: INSERT INTO `blog_comment` (`nickname`,`content`,`createAt`,`createIp`,`articleId`) VALUES ('你好','大点哈略微降低','1577295196','0.0.0.0','1') [ RunTime:0.0006s ]

[ 2019-12-26T01:33:27+08:00 ] ::1 /blog/Home/Index/comment?id=1
INFO: [ app_init ] --START--
INFO: Run Behavior\BuildLiteBehavior [ RunTime:0.000014s ]
INFO: [ app_init ] --END-- [ RunTime:0.000658s ]
INFO: [ app_begin ] --START--
INFO: Run Behavior\ReadHtmlCacheBehavior [ RunTime:0.001364s ]
INFO: [ app_begin ] --END-- [ RunTime:0.001416s ]
SQL: SHOW COLUMNS FROM `blog_article` [ RunTime:0.0195s ]
SQL: SELECT * FROM `blog_article` LIMIT 1   [ RunTime:0.0008s ]

[ 2019-12-26T01:33:32+08:00 ] ::1 /blog/Home/Index/comment?id=1
INFO: [ app_init ] --START--
INFO: Run Behavior\BuildLiteBehavior [ RunTime:0.000014s ]
INFO: [ app_init ] --END-- [ RunTime:0.000710s ]
INFO: [ app_begin ] --START--
INFO: Run Behavior\ReadHtmlCacheBehavior [ RunTime:0.001310s ]
INFO: [ app_begin ] --END-- [ RunTime:0.001376s ]
SQL: SHOW COLUMNS FROM `blog_article` [ RunTime:0.0698s ]
SQL: SELECT * FROM `blog_article` LIMIT 1   [ RunTime:0.0008s ]

[ 2019-12-26T01:33:38+08:00 ] ::1 /blog/
INFO: [ app_init ] --START--
INFO: Run Behavior\BuildLiteBehavior [ RunTime:0.000013s ]
INFO: [ app_init ] --END-- [ RunTime:0.000731s ]
INFO: [ app_begin ] --START--
INFO: Run Behavior\ReadHtmlCacheBehavior [ RunTime:0.001231s ]
INFO: [ app_begin ] --END-- [ RunTime:0.001289s ]
SQL: SHOW COLUMNS FROM `blog_article` [ RunTime:0.0094s ]
SQL: SHOW COLUMNS FROM `blog_category` [ RunTime:0.0116s ]
SQL: SELECT COUNT(*) AS tp_count FROM blog_article Article  JOIN blog_category Category ON Article.categoryId=Category.categoryId WHERE Article.status = 1 LIMIT 1   [ RunTime:0.0004s ]
SQL: SELECT Article.articleId AS articleId,Article.title AS title,Article.description AS description,Article.image AS image,Article.hits AS hits,Article.createAt AS createAt,Article.updateAt AS updateAt,Article.status AS status,Article.sort AS sort,Article.content AS content,Category.categoryId AS categoryId,Category.name AS name FROM blog_article Article  JOIN blog_category Category ON Article.categoryId=Category.categoryId WHERE Article.status = 1 ORDER BY Article.sort DESC,Article.articleId DESC LIMIT 0,10   [ RunTime:0.0006s ]
INFO: [ view_parse ] --START--
INFO: [ template_filter ] --START--
INFO: Run Behavior\ContentReplaceBehavior [ RunTime:0.000072s ]
INFO: [ template_filter ] --END-- [ RunTime:0.000126s ]
SQL: SHOW COLUMNS FROM `blog_category` [ RunTime:0.0117s ]
SQL: SELECT * FROM `blog_category` ORDER BY sort DESC  [ RunTime:0.0003s ]
SQL: SHOW COLUMNS FROM `blog_category` [ RunTime:0.0100s ]
SQL: SELECT * FROM `blog_category` ORDER BY sort DESC  [ RunTime:0.0004s ]
SQL: SHOW COLUMNS FROM `blog_link` [ RunTime:0.0071s ]
SQL: SELECT * FROM `blog_link` WHERE `status` = 1 ORDER BY linkId DESC  [ RunTime:0.0003s ]
INFO: Run Behavior\ParseTemplateBehavior [ RunTime:0.047957s ]
INFO: [ view_parse ] --END-- [ RunTime:0.048011s ]
INFO: [ view_filter ] --START--
INFO: Run Behavior\WriteHtmlCacheBehavior [ RunTime:0.001506s ]
INFO: [ view_filter ] --END-- [ RunTime:0.001572s ]
INFO: [ app_end ] --START--
INFO: Run Behavior\ShowPageTraceBehavior [ RunTime:0.001571s ]
INFO: [ app_end ] --END-- [ RunTime:0.001682s ]

[ 2019-12-26T01:36:22+08:00 ] ::1 /blog/
INFO: [ app_init ] --START--
INFO: Run Behavior\BuildLiteBehavior [ RunTime:0.000015s ]
INFO: [ app_init ] --END-- [ RunTime:0.000978s ]
INFO: [ app_begin ] --START--
INFO: Run Behavior\ReadHtmlCacheBehavior [ RunTime:0.001157s ]
INFO: [ app_begin ] --END-- [ RunTime:0.001217s ]
SQL: SHOW COLUMNS FROM `blog_article` [ RunTime:0.0216s ]
SQL: SHOW COLUMNS FROM `blog_category` [ RunTime:0.0866s ]
SQL: SELECT COUNT(*) AS tp_count FROM blog_article Article  JOIN blog_category Category ON Article.categoryId=Category.categoryId WHERE Article.status = 1 LIMIT 1   [ RunTime:0.0009s ]
SQL: SELECT Article.articleId AS articleId,Article.title AS title,Article.description AS description,Article.image AS image,Article.hits AS hits,Article.createAt AS createAt,Article.updateAt AS updateAt,Article.status AS status,Article.sort AS sort,Article.content AS content,Category.categoryId AS categoryId,Category.name AS name FROM blog_article Article  JOIN blog_category Category ON Article.categoryId=Category.categoryId WHERE Article.status = 1 ORDER BY Article.sort DESC,Article.articleId DESC LIMIT 0,10   [ RunTime:0.0010s ]
INFO: [ view_parse ] --START--
INFO: [ template_filter ] --START--
INFO: Run Behavior\ContentReplaceBehavior [ RunTime:0.000125s ]
INFO: [ template_filter ] --END-- [ RunTime:0.000224s ]
SQL: SHOW COLUMNS FROM `blog_category` [ RunTime:0.0108s ]
SQL: SELECT * FROM `blog_category` ORDER BY sort DESC  [ RunTime:0.0004s ]
SQL: SHOW COLUMNS FROM `blog_category` [ RunTime:0.0068s ]
SQL: SELECT * FROM `blog_category` ORDER BY sort DESC  [ RunTime:0.0003s ]
SQL: SHOW COLUMNS FROM `blog_link` [ RunTime:0.0117s ]
SQL: SELECT * FROM `blog_link` WHERE `status` = 1 ORDER BY linkId DESC  [ RunTime:0.0003s ]
INFO: Run Behavior\ParseTemplateBehavior [ RunTime:0.055587s ]
INFO: [ view_parse ] --END-- [ RunTime:0.055867s ]
INFO: [ view_filter ] --START--
INFO: Run Behavior\WriteHtmlCacheBehavior [ RunTime:0.001159s ]
INFO: [ view_filter ] --END-- [ RunTime:0.001203s ]
INFO: [ app_end ] --START--
INFO: Run Behavior\ShowPageTraceBehavior [ RunTime:0.001214s ]
INFO: [ app_end ] --END-- [ RunTime:0.001294s ]

[ 2019-12-26T01:41:47+08:00 ] ::1 /blog/
INFO: [ app_init ] --START--
INFO: Run Behavior\BuildLiteBehavior [ RunTime:0.000013s ]
INFO: [ app_init ] --END-- [ RunTime:0.000633s ]
INFO: [ app_begin ] --START--
INFO: Run Behavior\ReadHtmlCacheBehavior [ RunTime:0.001518s ]
INFO: [ app_begin ] --END-- [ RunTime:0.001573s ]
SQL: SHOW COLUMNS FROM `blog_article` [ RunTime:0.0203s ]
SQL: SHOW COLUMNS FROM `blog_category` [ RunTime:0.0203s ]
SQL: SELECT COUNT(*) AS tp_count FROM blog_article Article  JOIN blog_category Category ON Article.categoryId=Category.categoryId WHERE Article.status = 1 LIMIT 1   [ RunTime:0.0005s ]
SQL: SELECT Article.articleId AS articleId,Article.title AS title,Article.description AS description,Article.image AS image,Article.hits AS hits,Article.createAt AS createAt,Article.updateAt AS updateAt,Article.status AS status,Article.sort AS sort,Article.content AS content,Category.categoryId AS categoryId,Category.name AS name FROM blog_article Article  JOIN blog_category Category ON Article.categoryId=Category.categoryId WHERE Article.status = 1 ORDER BY Article.sort DESC,Article.articleId DESC LIMIT 0,10   [ RunTime:0.0005s ]
INFO: [ view_parse ] --START--
INFO: [ template_filter ] --START--
INFO: Run Behavior\ContentReplaceBehavior [ RunTime:0.000105s ]
INFO: [ template_filter ] --END-- [ RunTime:0.000205s ]
SQL: SHOW COLUMNS FROM `blog_category` [ RunTime:0.0092s ]
SQL: SELECT * FROM `blog_category` ORDER BY sort DESC  [ RunTime:0.0003s ]
SQL: SHOW COLUMNS FROM `blog_category` [ RunTime:0.0067s ]
SQL: SELECT * FROM `blog_category` ORDER BY sort DESC  [ RunTime:0.0003s ]
SQL: SHOW COLUMNS FROM `blog_link` [ RunTime:0.0063s ]
SQL: SELECT * FROM `blog_link` WHERE `status` = 1 ORDER BY linkId DESC  [ RunTime:0.0003s ]
INFO: Run Behavior\ParseTemplateBehavior [ RunTime:0.067928s ]
INFO: [ view_parse ] --END-- [ RunTime:0.068007s ]
INFO: [ view_filter ] --START--
INFO: Run Behavior\WriteHtmlCacheBehavior [ RunTime:0.001716s ]
INFO: [ view_filter ] --END-- [ RunTime:0.001794s ]
INFO: [ app_end ] --START--
INFO: Run Behavior\ShowPageTraceBehavior [ RunTime:0.001622s ]
INFO: [ app_end ] --END-- [ RunTime:0.001688s ]

[ 2019-12-26T02:08:54+08:00 ] ::1 /blog/index/article/id/1.html
INFO: [ app_init ] --START--
INFO: Run Behavior\BuildLiteBehavior [ RunTime:0.000015s ]
INFO: [ app_init ] --END-- [ RunTime:0.000700s ]
INFO: [ app_begin ] --START--
INFO: Run Behavior\ReadHtmlCacheBehavior [ RunTime:0.001252s ]
INFO: [ app_begin ] --END-- [ RunTime:0.001309s ]
SQL: SHOW COLUMNS FROM `blog_article` [ RunTime:0.0224s ]
SQL: SHOW COLUMNS FROM `blog_category` [ RunTime:0.0172s ]
SQL: SELECT Article.articleId AS articleId,Article.title AS title,Article.description AS description,Article.image AS image,Article.hits AS hits,Article.createAt AS createAt,Article.updateAt AS updateAt,Article.status AS status,Article.sort AS sort,Article.content AS content,Category.categoryId AS categoryId,Category.name AS name FROM blog_article Article  JOIN blog_category Category ON Article.categoryId=Category.categoryId WHERE Article.articleId = '1' LIMIT 1   [ RunTime:0.0005s ]
SQL: UPDATE blog_article Article  JOIN blog_category Category ON Article.categoryId=Category.categoryId SET `hits`=hits+1 WHERE Article.articleId = '1' [ RunTime:0.0012s ]
SQL: SHOW COLUMNS FROM `blog_comment` [ RunTime:0.0187s ]
SQL: SELECT * FROM `blog_comment` WHERE `articleId` = 1 ORDER BY commentId DESC LIMIT 30   [ RunTime:0.0009s ]
INFO: [ view_parse ] --START--
INFO: [ template_filter ] --START--
INFO: Run Behavior\ContentReplaceBehavior [ RunTime:0.000296s ]
INFO: [ template_filter ] --END-- [ RunTime:0.000486s ]
SQL: SHOW COLUMNS FROM `blog_category` [ RunTime:0.0110s ]
SQL: SELECT * FROM `blog_category` ORDER BY sort DESC  [ RunTime:0.0005s ]
SQL: SHOW COLUMNS FROM `blog_category` [ RunTime:0.0118s ]
SQL: SELECT * FROM `blog_category` ORDER BY sort DESC  [ RunTime:0.0004s ]
SQL: SHOW COLUMNS FROM `blog_link` [ RunTime:0.0080s ]
SQL: SELECT * FROM `blog_link` WHERE `status` = 1 ORDER BY linkId DESC  [ RunTime:0.0003s ]
INFO: Run Behavior\ParseTemplateBehavior [ RunTime:0.128711s ]
INFO: [ view_parse ] --END-- [ RunTime:0.128820s ]
INFO: [ view_filter ] --START--
INFO: Run Behavior\WriteHtmlCacheBehavior [ RunTime:0.000949s ]
INFO: [ view_filter ] --END-- [ RunTime:0.000995s ]
INFO: [ app_end ] --START--
INFO: Run Behavior\ShowPageTraceBehavior [ RunTime:0.000967s ]
INFO: [ app_end ] --END-- [ RunTime:0.001013s ]

[ 2019-12-26T09:28:33+08:00 ] ::1 /blog/blog
INFO: [ app_init ] --START--
INFO: Run Behavior\BuildLiteBehavior [ RunTime:0.000015s ]
INFO: [ app_init ] --END-- [ RunTime:0.000673s ]
INFO: [ app_begin ] --START--
INFO: Run Behavior\ReadHtmlCacheBehavior [ RunTime:0.001235s ]
INFO: [ app_begin ] --END-- [ RunTime:0.001295s ]
ERR: 无法加载控制器:Blog

[ 2019-12-26T09:28:41+08:00 ] ::1 /blog/blog/
INFO: [ app_init ] --START--
INFO: Run Behavior\BuildLiteBehavior [ RunTime:0.000013s ]
INFO: [ app_init ] --END-- [ RunTime:0.000678s ]
INFO: [ app_begin ] --START--
INFO: Run Behavior\ReadHtmlCacheBehavior [ RunTime:0.001144s ]
INFO: [ app_begin ] --END-- [ RunTime:0.001198s ]
ERR: 无法加载控制器:Blog

[ 2019-12-26T09:28:45+08:00 ] ::1 /blog/blog/
INFO: [ app_init ] --START--
INFO: Run Behavior\BuildLiteBehavior [ RunTime:0.000033s ]
INFO: [ app_init ] --END-- [ RunTime:0.000751s ]
INFO: [ app_begin ] --START--
INFO: Run Behavior\ReadHtmlCacheBehavior [ RunTime:0.001156s ]
INFO: [ app_begin ] --END-- [ RunTime:0.001219s ]
ERR: 无法加载控制器:Blog

[ 2019-12-26T09:29:00+08:00 ] ::1 /blog/index.php
INFO: [ app_init ] --START--
INFO: Run Behavior\BuildLiteBehavior [ RunTime:0.000014s ]
INFO: [ app_init ] --END-- [ RunTime:0.000705s ]
INFO: [ app_begin ] --START--
INFO: Run Behavior\ReadHtmlCacheBehavior [ RunTime:0.001193s ]
INFO: [ app_begin ] --END-- [ RunTime:0.001278s ]
SQL: SHOW COLUMNS FROM `blog_article` [ RunTime:0.0078s ]
SQL: SHOW COLUMNS FROM `blog_category` [ RunTime:0.0081s ]
SQL: SELECT COUNT(*) AS tp_count FROM blog_article Article  JOIN blog_category Category ON Article.categoryId=Category.categoryId WHERE Article.status = 1 LIMIT 1   [ RunTime:0.0004s ]
SQL: SELECT Article.articleId AS articleId,Article.title AS title,Article.description AS description,Article.image AS image,Article.hits AS hits,Article.createAt AS createAt,Article.updateAt AS updateAt,Article.status AS status,Article.sort AS sort,Article.content AS content,Category.categoryId AS categoryId,Category.name AS name FROM blog_article Article  JOIN blog_category Category ON Article.categoryId=Category.categoryId WHERE Article.status = 1 ORDER BY Article.sort DESC,Article.articleId DESC LIMIT 0,10   [ RunTime:0.0009s ]
INFO: [ view_parse ] --START--
INFO: [ template_filter ] --START--
INFO: Run Behavior\ContentReplaceBehavior [ RunTime:0.000189s ]
INFO: [ template_filter ] --END-- [ RunTime:0.000337s ]
SQL: SHOW COLUMNS FROM `blog_category` [ RunTime:0.0180s ]
SQL: SELECT * FROM `blog_category` ORDER BY sort DESC  [ RunTime:0.0007s ]
SQL: SHOW COLUMNS FROM `blog_category` [ RunTime:0.0181s ]
SQL: SELECT * FROM `blog_category` ORDER BY sort DESC  [ RunTime:0.0007s ]
SQL: SHOW COLUMNS FROM `blog_link` [ RunTime:0.0181s ]
SQL: SELECT * FROM `blog_link` WHERE `status` = 1 ORDER BY linkId DESC  [ RunTime:0.0010s ]
INFO: Run Behavior\ParseTemplateBehavior [ RunTime:0.209439s ]
INFO: [ view_parse ] --END-- [ RunTime:0.209666s ]
INFO: [ view_filter ] --START--
INFO: Run Behavior\WriteHtmlCacheBehavior [ RunTime:0.003843s ]
INFO: [ view_filter ] --END-- [ RunTime:0.004024s ]
INFO: [ app_end ] --START--
INFO: Run Behavior\ShowPageTraceBehavior [ RunTime:0.004046s ]
INFO: [ app_end ] --END-- [ RunTime:0.004213s ]

[ 2019-12-26T09:34:30+08:00 ] ::1 /blog/index/category/id/1.html
INFO: [ app_init ] --START--
INFO: Run Behavior\BuildLiteBehavior [ RunTime:0.000014s ]
INFO: [ app_init ] --END-- [ RunTime:0.000918s ]
INFO: [ app_begin ] --START--
INFO: Run Behavior\ReadHtmlCacheBehavior [ RunTime:0.001308s ]
INFO: [ app_begin ] --END-- [ RunTime:0.001386s ]
SQL: SHOW COLUMNS FROM `blog_category` [ RunTime:0.0216s ]
SQL: SELECT * FROM `blog_category` WHERE `categoryId` = 1 LIMIT 1   [ RunTime:0.0009s ]
SQL: SHOW COLUMNS FROM `blog_article` [ RunTime:0.0162s ]
SQL: SHOW COLUMNS FROM `blog_category` [ RunTime:0.0155s ]
SQL: SELECT COUNT(*) AS tp_count FROM blog_article Article  JOIN blog_category Category ON Article.categoryId=Category.categoryId WHERE Article.status = 1 AND Category.categoryId = '1' LIMIT 1   [ RunTime:0.0008s ]
SQL: SELECT Article.articleId AS articleId,Article.title AS title,Article.description AS description,Article.image AS image,Article.hits AS hits,Article.createAt AS createAt,Article.updateAt AS updateAt,Article.status AS status,Article.sort AS sort,Article.content AS content,Category.categoryId AS categoryId,Category.name AS name FROM blog_article Article  JOIN blog_category Category ON Article.categoryId=Category.categoryId WHERE Article.status = 1 AND Category.categoryId = '1' ORDER BY Article.sort DESC,Article.articleId DESC LIMIT 0,10   [ RunTime:0.0008s ]
INFO: [ view_parse ] --START--
INFO: [ template_filter ] --START--
INFO: Run Behavior\ContentReplaceBehavior [ RunTime:0.000173s ]
INFO: [ template_filter ] --END-- [ RunTime:0.000305s ]
SQL: SHOW COLUMNS FROM `blog_category` [ RunTime:0.0145s ]
SQL: SELECT * FROM `blog_category` ORDER BY sort DESC  [ RunTime:0.0006s ]
NOTIC: [8] Undefined index: createdAt E:\PHPstudy\WWW\blog\Application\Runtime\Cache\Home\d9c3fe725e8a3807a83c0451c141ea99.php 第 58 行.
SQL: SHOW COLUMNS FROM `blog_category` [ RunTime:0.0153s ]
SQL: SELECT * FROM `blog_category` ORDER BY sort DESC  [ RunTime:0.0006s ]
SQL: SHOW COLUMNS FROM `blog_link` [ RunTime:0.0158s ]
SQL: SELECT * FROM `blog_link` WHERE `status` = 1 ORDER BY linkId DESC  [ RunTime:0.0006s ]
INFO: Run Behavior\ParseTemplateBehavior [ RunTime:0.106240s ]
INFO: [ view_parse ] --END-- [ RunTime:0.106415s ]
INFO: [ view_filter ] --START--
INFO: Run Behavior\WriteHtmlCacheBehavior [ RunTime:0.002684s ]
INFO: [ view_filter ] --END-- [ RunTime:0.002799s ]
INFO: [ app_end ] --START--
INFO: Run Behavior\ShowPageTraceBehavior [ RunTime:0.003250s ]
INFO: [ app_end ] --END-- [ RunTime:0.003371s ]

[ 2019-12-26T09:40:27+08:00 ] ::1 /blog/index/article/id/1.html
INFO: [ app_init ] --START--
INFO: Run Behavior\BuildLiteBehavior [ RunTime:0.000039s ]
INFO: [ app_init ] --END-- [ RunTime:0.000761s ]
INFO: [ app_begin ] --START--
INFO: Run Behavior\ReadHtmlCacheBehavior [ RunTime:0.001729s ]
INFO: [ app_begin ] --END-- [ RunTime:0.001821s ]
SQL: SHOW COLUMNS FROM `blog_article` [ RunTime:0.0191s ]
SQL: SHOW COLUMNS FROM `blog_category` [ RunTime:0.0186s ]
SQL: SELECT Article.articleId AS articleId,Article.title AS title,Article.description AS description,Article.image AS image,Article.hits AS hits,Article.createAt AS createAt,Article.updateAt AS updateAt,Article.status AS status,Article.sort AS sort,Article.content AS content,Category.categoryId AS categoryId,Category.name AS name FROM blog_article Article  JOIN blog_category Category ON Article.categoryId=Category.categoryId WHERE Article.articleId = '1' LIMIT 1   [ RunTime:0.0010s ]
SQL: UPDATE blog_article Article  JOIN blog_category Category ON Article.categoryId=Category.categoryId SET `hits`=hits+1 WHERE Article.articleId = '1' [ RunTime:0.0014s ]
SQL: SHOW COLUMNS FROM `blog_comment` [ RunTime:0.0178s ]
SQL: SELECT * FROM `blog_comment` WHERE `articleId` = 1 ORDER BY commentId DESC LIMIT 30   [ RunTime:0.0007s ]
INFO: [ view_parse ] --START--
INFO: [ template_filter ] --START--
INFO: Run Behavior\ContentReplaceBehavior [ RunTime:0.000298s ]
INFO: [ template_filter ] --END-- [ RunTime:0.000480s ]
SQL: SHOW COLUMNS FROM `blog_category` [ RunTime:0.0182s ]
SQL: SELECT * FROM `blog_category` ORDER BY sort DESC  [ RunTime:0.0010s ]
SQL: SHOW COLUMNS FROM `blog_category` [ RunTime:0.0177s ]
SQL: SELECT * FROM `blog_category` ORDER BY sort DESC  [ RunTime:0.0007s ]
SQL: SHOW COLUMNS FROM `blog_link` [ RunTime:0.0171s ]
SQL: SELECT * FROM `blog_link` WHERE `status` = 1 ORDER BY linkId DESC  [ RunTime:0.0007s ]
INFO: Run Behavior\ParseTemplateBehavior [ RunTime:0.140133s ]
INFO: [ view_parse ] --END-- [ RunTime:0.140327s ]
INFO: [ view_filter ] --START--
INFO: Run Behavior\WriteHtmlCacheBehavior [ RunTime:0.002807s ]
INFO: [ view_filter ] --END-- [ RunTime:0.002967s ]
INFO: [ app_end ] --START--
INFO: Run Behavior\ShowPageTraceBehavior [ RunTime:0.002827s ]
INFO: [ app_end ] --END-- [ RunTime:0.002992s ]

[ 2019-12-26T09:40:34+08:00 ] ::1 /blog/
INFO: [ app_init ] --START--
INFO: Run Behavior\BuildLiteBehavior [ RunTime:0.000054s ]
INFO: [ app_init ] --END-- [ RunTime:0.001048s ]
INFO: [ app_begin ] --START--
INFO: Run Behavior\ReadHtmlCacheBehavior [ RunTime:0.000931s ]
INFO: [ app_begin ] --END-- [ RunTime:0.000992s ]
SQL: SHOW COLUMNS FROM `blog_article` [ RunTime:0.0238s ]
SQL: SHOW COLUMNS FROM `blog_category` [ RunTime:0.0163s ]
SQL: SELECT COUNT(*) AS tp_count FROM blog_article Article  JOIN blog_category Category ON Article.categoryId=Category.categoryId WHERE Article.status = 1 LIMIT 1   [ RunTime:0.0006s ]
SQL: SELECT Article.articleId AS articleId,Article.title AS title,Article.description AS description,Article.image AS image,Article.hits AS hits,Article.createAt AS createAt,Article.updateAt AS updateAt,Article.status AS status,Article.sort AS sort,Article.content AS content,Category.categoryId AS categoryId,Category.name AS name FROM blog_article Article  JOIN blog_category Category ON Article.categoryId=Category.categoryId WHERE Article.status = 1 ORDER BY Article.sort DESC,Article.articleId DESC LIMIT 0,10   [ RunTime:0.0016s ]
INFO: [ view_parse ] --START--
INFO: [ template_filter ] --START--
INFO: Run Behavior\ContentReplaceBehavior [ RunTime:0.000165s ]
INFO: [ template_filter ] --END-- [ RunTime:0.000307s ]
SQL: SHOW COLUMNS FROM `blog_category` [ RunTime:0.0143s ]
SQL: SELECT * FROM `blog_category` ORDER BY sort DESC  [ RunTime:0.0005s ]
SQL: SHOW COLUMNS FROM `blog_category` [ RunTime:0.0139s ]
SQL: SELECT * FROM `blog_category` ORDER BY sort DESC  [ RunTime:0.0005s ]
SQL: SHOW COLUMNS FROM `blog_link` [ RunTime:0.0133s ]
SQL: SELECT * FROM `blog_link` WHERE `status` = 1 ORDER BY linkId DESC  [ RunTime:0.0007s ]
INFO: Run Behavior\ParseTemplateBehavior [ RunTime:0.068190s ]
INFO: [ view_parse ] --END-- [ RunTime:0.068360s ]
INFO: [ view_filter ] --START--
INFO: Run Behavior\WriteHtmlCacheBehavior [ RunTime:0.001295s ]
INFO: [ view_filter ] --END-- [ RunTime:0.001399s ]
INFO: [ app_end ] --START--
INFO: Run Behavior\ShowPageTraceBehavior [ RunTime:0.001544s ]
INFO: [ app_end ] --END-- [ RunTime:0.001648s ]

