[ 2020-07-01T21:14:39+08:00 ] ::1 /blog/index.php
INFO: [ app_init ] --START--
INFO: Run Behavior\BuildLiteBehavior [ RunTime:0.000016s ]
INFO: [ app_init ] --END-- [ RunTime:0.000681s ]
INFO: [ app_begin ] --START--
INFO: Run Behavior\ReadHtmlCacheBehavior [ RunTime:0.001390s ]
INFO: [ app_begin ] --END-- [ RunTime:0.001459s ]
SQL: SHOW COLUMNS FROM `blog_article` [ RunTime:0.0497s ]
SQL: SHOW COLUMNS FROM `blog_category` [ RunTime:0.0108s ]
SQL: SELECT COUNT(*) AS tp_count FROM blog_article Article  JOIN blog_category Category ON Article.categoryId=Category.categoryId WHERE Article.status = 1 LIMIT 1   [ RunTime:0.0004s ]
SQL: SELECT Article.articleId AS articleId,Article.title AS title,Article.description AS description,Article.image AS image,Article.hits AS hits,Article.createAt AS createAt,Article.updateAt AS updateAt,Article.status AS status,Article.sort AS sort,Article.content AS content,Category.categoryId AS categoryId,Category.name AS name FROM blog_article Article  JOIN blog_category Category ON Article.categoryId=Category.categoryId WHERE Article.status = 1 ORDER BY Article.sort DESC,Article.articleId DESC LIMIT 0,10   [ RunTime:0.0003s ]
INFO: [ view_parse ] --START--
INFO: [ template_filter ] --START--
INFO: Run Behavior\ContentReplaceBehavior [ RunTime:0.000071s ]
INFO: [ template_filter ] --END-- [ RunTime:0.000122s ]
SQL: SHOW COLUMNS FROM `blog_category` [ RunTime:0.0070s ]
SQL: SELECT * FROM `blog_category` ORDER BY sort DESC  [ RunTime:0.0004s ]
SQL: SHOW COLUMNS FROM `blog_category` [ RunTime:0.0069s ]
SQL: SELECT * FROM `blog_category` ORDER BY sort DESC  [ RunTime:0.0002s ]
SQL: SHOW COLUMNS FROM `blog_link` [ RunTime:0.1047s ]
SQL: SELECT * FROM `blog_link` WHERE `status` = 1 ORDER BY linkId DESC  [ RunTime:0.0003s ]
INFO: Run Behavior\ParseTemplateBehavior [ RunTime:0.133298s ]
INFO: [ view_parse ] --END-- [ RunTime:0.133345s ]
INFO: [ view_filter ] --START--
INFO: Run Behavior\WriteHtmlCacheBehavior [ RunTime:0.001176s ]
INFO: [ view_filter ] --END-- [ RunTime:0.001218s ]
INFO: [ app_end ] --START--
INFO: Run Behavior\ShowPageTraceBehavior [ RunTime:0.001330s ]
INFO: [ app_end ] --END-- [ RunTime:0.001374s ]

[ 2020-07-01T21:14:51+08:00 ] ::1 /blog/index.php
INFO: [ app_init ] --START--
INFO: Run Behavior\BuildLiteBehavior [ RunTime:0.000015s ]
INFO: [ app_init ] --END-- [ RunTime:0.000631s ]
INFO: [ app_begin ] --START--
INFO: Run Behavior\ReadHtmlCacheBehavior [ RunTime:0.001715s ]
INFO: [ app_begin ] --END-- [ RunTime:0.001808s ]
SQL: SHOW COLUMNS FROM `blog_article` [ RunTime:0.0079s ]
SQL: SHOW COLUMNS FROM `blog_category` [ RunTime:0.0083s ]
SQL: SELECT COUNT(*) AS tp_count FROM blog_article Article  JOIN blog_category Category ON Article.categoryId=Category.categoryId WHERE Article.status = 1 LIMIT 1   [ RunTime:0.0002s ]
SQL: SELECT Article.articleId AS articleId,Article.title AS title,Article.description AS description,Article.image AS image,Article.hits AS hits,Article.createAt AS createAt,Article.updateAt AS updateAt,Article.status AS status,Article.sort AS sort,Article.content AS content,Category.categoryId AS categoryId,Category.name AS name FROM blog_article Article  JOIN blog_category Category ON Article.categoryId=Category.categoryId WHERE Article.status = 1 ORDER BY Article.sort DESC,Article.articleId DESC LIMIT 0,10   [ RunTime:0.0003s ]
INFO: [ view_parse ] --START--
INFO: [ template_filter ] --START--
INFO: Run Behavior\ContentReplaceBehavior [ RunTime:0.000070s ]
INFO: [ template_filter ] --END-- [ RunTime:0.000131s ]
SQL: SHOW COLUMNS FROM `blog_category` [ RunTime:0.0077s ]
SQL: SELECT * FROM `blog_category` ORDER BY sort DESC  [ RunTime:0.0003s ]
SQL: SHOW COLUMNS FROM `blog_category` [ RunTime:0.0083s ]
SQL: SELECT * FROM `blog_category` ORDER BY sort DESC  [ RunTime:0.0003s ]
SQL: SHOW COLUMNS FROM `blog_link` [ RunTime:0.0074s ]
SQL: SELECT * FROM `blog_link` WHERE `status` = 1 ORDER BY linkId DESC  [ RunTime:0.0004s ]
INFO: Run Behavior\ParseTemplateBehavior [ RunTime:0.038884s ]
INFO: [ view_parse ] --END-- [ RunTime:0.038949s ]
INFO: [ view_filter ] --START--
INFO: Run Behavior\WriteHtmlCacheBehavior [ RunTime:0.001050s ]
INFO: [ view_filter ] --END-- [ RunTime:0.001095s ]
INFO: [ app_end ] --START--
INFO: Run Behavior\ShowPageTraceBehavior [ RunTime:0.001109s ]
INFO: [ app_end ] --END-- [ RunTime:0.001181s ]

[ 2020-07-01T21:14:56+08:00 ] ::1 /blog/
INFO: [ app_init ] --START--
INFO: Run Behavior\BuildLiteBehavior [ RunTime:0.000017s ]
INFO: [ app_init ] --END-- [ RunTime:0.000995s ]
INFO: [ app_begin ] --START--
INFO: Run Behavior\ReadHtmlCacheBehavior [ RunTime:0.001441s ]
INFO: [ app_begin ] --END-- [ RunTime:0.001574s ]
SQL: SHOW COLUMNS FROM `blog_article` [ RunTime:0.0235s ]
SQL: SHOW COLUMNS FROM `blog_category` [ RunTime:0.0143s ]
SQL: SELECT COUNT(*) AS tp_count FROM blog_article Article  JOIN blog_category Category ON Article.categoryId=Category.categoryId WHERE Article.status = 1 LIMIT 1   [ RunTime:0.0003s ]
SQL: SELECT Article.articleId AS articleId,Article.title AS title,Article.description AS description,Article.image AS image,Article.hits AS hits,Article.createAt AS createAt,Article.updateAt AS updateAt,Article.status AS status,Article.sort AS sort,Article.content AS content,Category.categoryId AS categoryId,Category.name AS name FROM blog_article Article  JOIN blog_category Category ON Article.categoryId=Category.categoryId WHERE Article.status = 1 ORDER BY Article.sort DESC,Article.articleId DESC LIMIT 0,10   [ RunTime:0.0014s ]
INFO: [ view_parse ] --START--
INFO: [ template_filter ] --START--
INFO: Run Behavior\ContentReplaceBehavior [ RunTime:0.000075s ]
INFO: [ template_filter ] --END-- [ RunTime:0.000159s ]
SQL: SHOW COLUMNS FROM `blog_category` [ RunTime:0.0095s ]
SQL: SELECT * FROM `blog_category` ORDER BY sort DESC  [ RunTime:0.0004s ]
SQL: SHOW COLUMNS FROM `blog_category` [ RunTime:0.0113s ]
SQL: SELECT * FROM `blog_category` ORDER BY sort DESC  [ RunTime:0.0002s ]
SQL: SHOW COLUMNS FROM `blog_link` [ RunTime:0.0126s ]
SQL: SELECT * FROM `blog_link` WHERE `status` = 1 ORDER BY linkId DESC  [ RunTime:0.0003s ]
INFO: Run Behavior\ParseTemplateBehavior [ RunTime:0.053267s ]
INFO: [ view_parse ] --END-- [ RunTime:0.053448s ]
INFO: [ view_filter ] --START--
INFO: Run Behavior\WriteHtmlCacheBehavior [ RunTime:0.001277s ]
INFO: [ view_filter ] --END-- [ RunTime:0.001324s ]
INFO: [ app_end ] --START--
INFO: Run Behavior\ShowPageTraceBehavior [ RunTime:0.001727s ]
INFO: [ app_end ] --END-- [ RunTime:0.001779s ]

[ 2020-07-01T21:15:00+08:00 ] ::1 /blog/index/category/id/1.html
INFO: [ app_init ] --START--
INFO: Run Behavior\BuildLiteBehavior [ RunTime:0.000014s ]
INFO: [ app_init ] --END-- [ RunTime:0.000649s ]
INFO: [ app_begin ] --START--
INFO: Run Behavior\ReadHtmlCacheBehavior [ RunTime:0.001764s ]
INFO: [ app_begin ] --END-- [ RunTime:0.001824s ]
SQL: SHOW COLUMNS FROM `blog_category` [ RunTime:0.0077s ]
SQL: SELECT * FROM `blog_category` WHERE `categoryId` = 1 LIMIT 1   [ RunTime:0.0003s ]
SQL: SHOW COLUMNS FROM `blog_article` [ RunTime:0.0088s ]
SQL: SHOW COLUMNS FROM `blog_category` [ RunTime:0.0120s ]
SQL: SELECT COUNT(*) AS tp_count FROM blog_article Article  JOIN blog_category Category ON Article.categoryId=Category.categoryId WHERE Article.status = 1 AND Category.categoryId = '1' LIMIT 1   [ RunTime:0.0006s ]
SQL: SELECT Article.articleId AS articleId,Article.title AS title,Article.description AS description,Article.image AS image,Article.hits AS hits,Article.createAt AS createAt,Article.updateAt AS updateAt,Article.status AS status,Article.sort AS sort,Article.content AS content,Category.categoryId AS categoryId,Category.name AS name FROM blog_article Article  JOIN blog_category Category ON Article.categoryId=Category.categoryId WHERE Article.status = 1 AND Category.categoryId = '1' ORDER BY Article.sort DESC,Article.articleId DESC LIMIT 0,10   [ RunTime:0.0004s ]
INFO: [ view_parse ] --START--
INFO: [ template_filter ] --START--
INFO: Run Behavior\ContentReplaceBehavior [ RunTime:0.000082s ]
INFO: [ template_filter ] --END-- [ RunTime:0.000204s ]
SQL: SHOW COLUMNS FROM `blog_category` [ RunTime:0.0084s ]
SQL: SELECT * FROM `blog_category` ORDER BY sort DESC  [ RunTime:0.0010s ]
NOTIC: [8] Undefined index: createdAt E:\PHPstudy\WWW\blog\Application\Runtime\Cache\Home\d9c3fe725e8a3807a83c0451c141ea99.php 第 58 行.
SQL: SHOW COLUMNS FROM `blog_category` [ RunTime:0.0092s ]
SQL: SELECT * FROM `blog_category` ORDER BY sort DESC  [ RunTime:0.0003s ]
SQL: SHOW COLUMNS FROM `blog_link` [ RunTime:0.0099s ]
SQL: SELECT * FROM `blog_link` WHERE `status` = 1 ORDER BY linkId DESC  [ RunTime:0.0003s ]
INFO: Run Behavior\ParseTemplateBehavior [ RunTime:0.046483s ]
INFO: [ view_parse ] --END-- [ RunTime:0.046532s ]
INFO: [ view_filter ] --START--
INFO: Run Behavior\WriteHtmlCacheBehavior [ RunTime:0.001221s ]
INFO: [ view_filter ] --END-- [ RunTime:0.001268s ]
INFO: [ app_end ] --START--
INFO: Run Behavior\ShowPageTraceBehavior [ RunTime:0.001317s ]
INFO: [ app_end ] --END-- [ RunTime:0.001364s ]

[ 2020-07-01T21:15:05+08:00 ] ::1 /blog/
INFO: [ app_init ] --START--
INFO: Run Behavior\BuildLiteBehavior [ RunTime:0.000034s ]
INFO: [ app_init ] --END-- [ RunTime:0.001644s ]
INFO: [ app_begin ] --START--
INFO: Run Behavior\ReadHtmlCacheBehavior [ RunTime:0.002001s ]
INFO: [ app_begin ] --END-- [ RunTime:0.002063s ]
SQL: SHOW COLUMNS FROM `blog_article` [ RunTime:0.0068s ]
SQL: SHOW COLUMNS FROM `blog_category` [ RunTime:0.0086s ]
SQL: SELECT COUNT(*) AS tp_count FROM blog_article Article  JOIN blog_category Category ON Article.categoryId=Category.categoryId WHERE Article.status = 1 LIMIT 1   [ RunTime:0.0003s ]
SQL: SELECT Article.articleId AS articleId,Article.title AS title,Article.description AS description,Article.image AS image,Article.hits AS hits,Article.createAt AS createAt,Article.updateAt AS updateAt,Article.status AS status,Article.sort AS sort,Article.content AS content,Category.categoryId AS categoryId,Category.name AS name FROM blog_article Article  JOIN blog_category Category ON Article.categoryId=Category.categoryId WHERE Article.status = 1 ORDER BY Article.sort DESC,Article.articleId DESC LIMIT 0,10   [ RunTime:0.0003s ]
INFO: [ view_parse ] --START--
INFO: [ template_filter ] --START--
INFO: Run Behavior\ContentReplaceBehavior [ RunTime:0.000080s ]
INFO: [ template_filter ] --END-- [ RunTime:0.000156s ]
SQL: SHOW COLUMNS FROM `blog_category` [ RunTime:0.0082s ]
SQL: SELECT * FROM `blog_category` ORDER BY sort DESC  [ RunTime:0.0002s ]
SQL: SHOW COLUMNS FROM `blog_category` [ RunTime:0.0083s ]
SQL: SELECT * FROM `blog_category` ORDER BY sort DESC  [ RunTime:0.0003s ]
SQL: SHOW COLUMNS FROM `blog_link` [ RunTime:0.0065s ]
SQL: SELECT * FROM `blog_link` WHERE `status` = 1 ORDER BY linkId DESC  [ RunTime:0.0003s ]
INFO: Run Behavior\ParseTemplateBehavior [ RunTime:0.039647s ]
INFO: [ view_parse ] --END-- [ RunTime:0.039709s ]
INFO: [ view_filter ] --START--
INFO: Run Behavior\WriteHtmlCacheBehavior [ RunTime:0.001217s ]
INFO: [ view_filter ] --END-- [ RunTime:0.001263s ]
INFO: [ app_end ] --START--
INFO: Run Behavior\ShowPageTraceBehavior [ RunTime:0.001425s ]
INFO: [ app_end ] --END-- [ RunTime:0.001477s ]

[ 2020-07-01T21:15:42+08:00 ] ::1 /blog/index/article/id/1.html
INFO: [ app_init ] --START--
INFO: Run Behavior\BuildLiteBehavior [ RunTime:0.000014s ]
INFO: [ app_init ] --END-- [ RunTime:0.000651s ]
INFO: [ app_begin ] --START--
INFO: Run Behavior\ReadHtmlCacheBehavior [ RunTime:0.002226s ]
INFO: [ app_begin ] --END-- [ RunTime:0.002412s ]
SQL: SHOW COLUMNS FROM `blog_article` [ RunTime:0.0123s ]
SQL: SHOW COLUMNS FROM `blog_category` [ RunTime:0.0118s ]
SQL: SELECT Article.articleId AS articleId,Article.title AS title,Article.description AS description,Article.image AS image,Article.hits AS hits,Article.createAt AS createAt,Article.updateAt AS updateAt,Article.status AS status,Article.sort AS sort,Article.content AS content,Category.categoryId AS categoryId,Category.name AS name FROM blog_article Article  JOIN blog_category Category ON Article.categoryId=Category.categoryId WHERE Article.articleId = '1' LIMIT 1   [ RunTime:0.0004s ]
SQL: UPDATE blog_article Article  JOIN blog_category Category ON Article.categoryId=Category.categoryId SET `hits`=hits+1 WHERE Article.articleId = '1' [ RunTime:0.0643s ]
SQL: SHOW COLUMNS FROM `blog_comment` [ RunTime:0.0707s ]
SQL: SELECT * FROM `blog_comment` WHERE `articleId` = 1 ORDER BY commentId DESC LIMIT 30   [ RunTime:0.0003s ]
INFO: [ view_parse ] --START--
INFO: [ template_filter ] --START--
INFO: Run Behavior\ContentReplaceBehavior [ RunTime:0.000085s ]
INFO: [ template_filter ] --END-- [ RunTime:0.000183s ]
SQL: SHOW COLUMNS FROM `blog_category` [ RunTime:0.0107s ]
SQL: SELECT * FROM `blog_category` ORDER BY sort DESC  [ RunTime:0.0004s ]
SQL: SHOW COLUMNS FROM `blog_category` [ RunTime:0.0088s ]
SQL: SELECT * FROM `blog_category` ORDER BY sort DESC  [ RunTime:0.0003s ]
SQL: SHOW COLUMNS FROM `blog_link` [ RunTime:0.0111s ]
SQL: SELECT * FROM `blog_link` WHERE `status` = 1 ORDER BY linkId DESC  [ RunTime:0.0003s ]
INFO: Run Behavior\ParseTemplateBehavior [ RunTime:0.048185s ]
INFO: [ view_parse ] --END-- [ RunTime:0.048234s ]
INFO: [ view_filter ] --START--
INFO: Run Behavior\WriteHtmlCacheBehavior [ RunTime:0.000882s ]
INFO: [ view_filter ] --END-- [ RunTime:0.000928s ]
INFO: [ app_end ] --START--
INFO: Run Behavior\ShowPageTraceBehavior [ RunTime:0.000843s ]
INFO: [ app_end ] --END-- [ RunTime:0.000890s ]

[ 2020-07-01T21:25:28+08:00 ] ::1 /blog/index.php
INFO: [ app_init ] --START--
INFO: Run Behavior\BuildLiteBehavior [ RunTime:0.000015s ]
INFO: [ app_init ] --END-- [ RunTime:0.000720s ]
INFO: [ app_begin ] --START--
INFO: Run Behavior\ReadHtmlCacheBehavior [ RunTime:0.001305s ]
INFO: [ app_begin ] --END-- [ RunTime:0.001367s ]
SQL: SHOW COLUMNS FROM `blog_article` [ RunTime:0.1114s ]
SQL: SHOW COLUMNS FROM `blog_category` [ RunTime:0.0070s ]
SQL: SELECT COUNT(*) AS tp_count FROM blog_article Article  JOIN blog_category Category ON Article.categoryId=Category.categoryId WHERE Article.status = 1 LIMIT 1   [ RunTime:0.0005s ]
SQL: SELECT Article.articleId AS articleId,Article.title AS title,Article.description AS description,Article.image AS image,Article.hits AS hits,Article.createAt AS createAt,Article.updateAt AS updateAt,Article.status AS status,Article.sort AS sort,Article.content AS content,Category.categoryId AS categoryId,Category.name AS name FROM blog_article Article  JOIN blog_category Category ON Article.categoryId=Category.categoryId WHERE Article.status = 1 ORDER BY Article.sort DESC,Article.articleId DESC LIMIT 0,10   [ RunTime:0.0004s ]
INFO: [ view_parse ] --START--
INFO: [ template_filter ] --START--
INFO: Run Behavior\ContentReplaceBehavior [ RunTime:0.000070s ]
INFO: [ template_filter ] --END-- [ RunTime:0.000119s ]
SQL: SHOW COLUMNS FROM `blog_category` [ RunTime:0.0068s ]
SQL: SELECT * FROM `blog_category` ORDER BY sort DESC  [ RunTime:0.0005s ]
SQL: SHOW COLUMNS FROM `blog_category` [ RunTime:0.0067s ]
SQL: SELECT * FROM `blog_category` ORDER BY sort DESC  [ RunTime:0.0003s ]
SQL: SHOW COLUMNS FROM `blog_link` [ RunTime:0.0071s ]
SQL: SELECT * FROM `blog_link` WHERE `status` = 1 ORDER BY linkId DESC  [ RunTime:0.0003s ]
INFO: Run Behavior\ParseTemplateBehavior [ RunTime:0.034968s ]
INFO: [ view_parse ] --END-- [ RunTime:0.035016s ]
INFO: [ view_filter ] --START--
INFO: Run Behavior\WriteHtmlCacheBehavior [ RunTime:0.001152s ]
INFO: [ view_filter ] --END-- [ RunTime:0.001197s ]
INFO: [ app_end ] --START--
INFO: Run Behavior\ShowPageTraceBehavior [ RunTime:0.001300s ]
INFO: [ app_end ] --END-- [ RunTime:0.001346s ]

